Using pre-set license
Built from '2020.2/staging' branch; Version is '2020.2.3f1 (8ff31bc5bf5b) revision 9433883'; Using compiler version '192528614'; Build Type 'Release'
OS: 'Windows 10 Pro; OS build 21327.1010; Version 2009; 64bit' Language: 'ru' Physical Memory: 8174 MB
BatchMode: 1, IsHumanControllingUs: 0, StartBugReporterOnCrash: 0, Is64bit: 1, IsPro: 0

 COMMAND LINE ARGUMENTS:
C:\Program Files\Unity 2020.1.0b16\Editor\2020.2.3f1\Editor\Unity.exe
-adb2
-batchMode
-noUpm
-name
AssetImportWorker0
-projectPath
E:/Unity/Imperium/Imperium
-logFile
Logs/AssetImportWorker0.log
-srvPort
53716
Successfully changed project path to: E:/Unity/Imperium/Imperium
E:/Unity/Imperium/Imperium
Using Asset Import Pipeline V2.
Refreshing native plugins compatible for Editor in 69.83 ms, found 1 plugins.
Preloading 0 native plugins for Editor in 0.00 ms.
Initialize engine version: 2020.2.3f1 (8ff31bc5bf5b)
[Subsystems] Discovering subsystems at path C:/Program Files/Unity 2020.1.0b16/Editor/2020.2.3f1/Editor/Data/Resources/UnitySubsystems
[Subsystems] Discovering subsystems at path E:/Unity/Imperium/Imperium/Assets
GfxDevice: creating device client; threaded=0
Direct3D:
    Version:  Direct3D 11.0 [level 11.1]
    Renderer: Radeon (TM) RX 470 Graphics (ID=0x67df)
    Vendor:   
    VRAM:     8171 MB
    Driver:   27.20.14537.1001
Initialize mono
Mono path[0] = 'C:/Program Files/Unity 2020.1.0b16/Editor/2020.2.3f1/Editor/Data/Managed'
Mono path[1] = 'C:/Program Files/Unity 2020.1.0b16/Editor/2020.2.3f1/Editor/Data/MonoBleedingEdge/lib/mono/unityjit'
Mono config path = 'C:/Program Files/Unity 2020.1.0b16/Editor/2020.2.3f1/Editor/Data/MonoBleedingEdge/etc'
Using monoOptions --debugger-agent=transport=dt_socket,embedding=1,server=y,suspend=n,address=127.0.0.1:56296
Begin MonoManager ReloadAssembly
Registering precompiled unity dll's ...
Register platform support module: C:/Program Files/Unity 2020.1.0b16/Editor/2020.2.3f1/Editor/Data/PlaybackEngines/WebGLSupport/UnityEditor.WebGL.Extensions.dll
Register platform support module: C:/Program Files/Unity 2020.1.0b16/Editor/2020.2.3f1/Editor/Data/PlaybackEngines/WindowsStandaloneSupport/UnityEditor.WindowsStandalone.Extensions.dll
Registered in 0.004536 seconds.
Native extension for WindowsStandalone target not found
Native extension for WebGL target not found
Refreshing native plugins compatible for Editor in 71.49 ms, found 1 plugins.
Preloading 0 native plugins for Editor in 0.00 ms.
Unable to find bridge dll in registry for Microsoft Visual Studio Tools for Unity for C:\Program Files (x86)\Microsoft Visual Studio\2019\Community\Common7\IDE\devenv.exe
Invoked RoslynAnalysisRunner static constructor.
RoslynAnalysisRunner will not be running.
RoslynAnalysisRunner has terminated.
Mono: successfully reloaded assembly
- Completed reload, in  3.839 seconds
Platform modules already initialized, skipping
Registering precompiled user dll's ...
Registered in 0.001510 seconds.
Begin MonoManager ReloadAssembly
Native extension for WindowsStandalone target not found
Native extension for WebGL target not found
Refreshing native plugins compatible for Editor in 72.24 ms, found 1 plugins.
Preloading 0 native plugins for Editor in 0.00 ms.
Invoked RoslynAnalysisRunner static constructor.
RoslynAnalysisRunner will not be running.
RoslynAnalysisRunner has terminated.
Mono: successfully reloaded assembly
- Completed reload, in  1.576 seconds
Platform modules already initialized, skipping
========================================================================
Worker process is ready to serve import requests
Launched and connected shader compiler UnityShaderCompiler.exe after 0.71 seconds
Refreshing native plugins compatible for Editor in 0.58 ms, found 1 plugins.
Preloading 0 native plugins for Editor in 0.00 ms.
Unloading 1799 Unused Serialized files (Serialized files now loaded: 0)
System memory in use before: 104.2 MB.
System memory in use after: 104.2 MB.

Unloading 24 unused Assets to reduce memory usage. Loaded Objects now: 2262.
Total: 3.305600 ms (FindLiveObjects: 0.724300 ms CreateObjectMapping: 0.132400 ms MarkObjects: 2.198300 ms  DeleteObjects: 0.248900 ms)

========================================================================
Received Import Request.
  path: Assets/Scripts
  artifactKey: Guid(b60f7f05412b6be42bf0e1fb7334a6a0) Importer(815301076,1909f56bfc062723c751e8b465ee728b)
Start importing Assets/Scripts using Guid(b60f7f05412b6be42bf0e1fb7334a6a0) Importer(815301076,1909f56bfc062723c751e8b465ee728b)  -> (artifact id: '34504b8e0c6698d6cf9f6934d4260864') in 0.019255 seconds
  Import took 0.045348 seconds .

========================================================================
Received Import Request.
  Time since last request: 11.392904 seconds.
  path: Assets/Scripts/PlayerController.cs
  artifactKey: Guid(81415175946847542aab1934cc1dea7c) Importer(815301076,1909f56bfc062723c751e8b465ee728b)
Start importing Assets/Scripts/PlayerController.cs using Guid(81415175946847542aab1934cc1dea7c) Importer(815301076,1909f56bfc062723c751e8b465ee728b)  -> (artifact id: '064ae0d88f992a75c583ef32bff294e1') in 0.119012 seconds
  Import took 0.146500 seconds .

========================================================================
Received Prepare
Registering precompiled user dll's ...
Registered in 0.083572 seconds.
Begin MonoManager ReloadAssembly
Native extension for WindowsStandalone target not found
Native extension for WebGL target not found
Refreshing native plugins compatible for Editor in 0.85 ms, found 1 plugins.
Preloading 0 native plugins for Editor in 0.00 ms.
Invoked RoslynAnalysisRunner static constructor.
RoslynAnalysisRunner will not be running.
RoslynAnalysisRunner has terminated.
Mono: successfully reloaded assembly
- Completed reload, in  3.992 seconds
Platform modules already initialized, skipping
Refreshing native plugins compatible for Editor in 0.80 ms, found 1 plugins.
Preloading 0 native plugins for Editor in 0.00 ms.
Unloading 1793 Unused Serialized files (Serialized files now loaded: 0)
System memory in use before: 104.1 MB.
System memory in use after: 104.1 MB.

Unloading 12 unused Assets to reduce memory usage. Loaded Objects now: 2266.
Total: 13.220800 ms (FindLiveObjects: 0.791300 ms CreateObjectMapping: 0.279400 ms MarkObjects: 11.340700 ms  DeleteObjects: 0.806100 ms)

========================================================================
Received Prepare
Registering precompiled user dll's ...
Registered in 0.303169 seconds.
Begin MonoManager ReloadAssembly
Native extension for WindowsStandalone target not found
Native extension for WebGL target not found
Refreshing native plugins compatible for Editor in 1.59 ms, found 1 plugins.
Preloading 0 native plugins for Editor in 0.00 ms.
Invoked RoslynAnalysisRunner static constructor.
RoslynAnalysisRunner will not be running.
RoslynAnalysisRunner has terminated.
Mono: successfully reloaded assembly
- Completed reload, in 268.945 seconds
Platform modules already initialized, skipping
Refreshing native plugins compatible for Editor in 1.01 ms, found 1 plugins.
Preloading 0 native plugins for Editor in 0.00 ms.
Unloading 1793 Unused Serialized files (Serialized files now loaded: 0)
System memory in use before: 104.1 MB.
System memory in use after: 104.1 MB.

Unloading 12 unused Assets to reduce memory usage. Loaded Objects now: 2269.
Total: 4.893200 ms (FindLiveObjects: 0.456800 ms CreateObjectMapping: 0.116600 ms MarkObjects: 3.870800 ms  DeleteObjects: 0.446300 ms)

========================================================================
Received Import Request.
  Time since last request: 3815.652400 seconds.
  path: Assets/Scripts/PlayerController.cs
  artifactKey: Guid(81415175946847542aab1934cc1dea7c) Importer(815301076,1909f56bfc062723c751e8b465ee728b)
Start importing Assets/Scripts/PlayerController.cs using Guid(81415175946847542aab1934cc1dea7c) Importer(815301076,1909f56bfc062723c751e8b465ee728b)  -> (artifact id: 'a1e575b4935e4b1fadd0dd632eda7369') in 0.023031 seconds
  Import took 0.059760 seconds .

========================================================================
Received Import Request.
  Time since last request: 294.247690 seconds.
  path: Assets/Scripts/PlayerController.cs
  artifactKey: Guid(81415175946847542aab1934cc1dea7c) Importer(815301076,1909f56bfc062723c751e8b465ee728b)
Start importing Assets/Scripts/PlayerController.cs using Guid(81415175946847542aab1934cc1dea7c) Importer(815301076,1909f56bfc062723c751e8b465ee728b)  -> (artifact id: 'b564177445d755e2a66ed0a212a62bd3') in 0.009049 seconds
  Import took 0.048758 seconds .

========================================================================
Received Import Request.
  Time since last request: 51.453308 seconds.
  path: Assets/Scripts/PlayerController.cs
  artifactKey: Guid(81415175946847542aab1934cc1dea7c) Importer(815301076,1909f56bfc062723c751e8b465ee728b)
Start importing Assets/Scripts/PlayerController.cs using Guid(81415175946847542aab1934cc1dea7c) Importer(815301076,1909f56bfc062723c751e8b465ee728b)  -> (artifact id: 'cc8b658b1d3b528e5b5cda6443fd92e4') in 0.015389 seconds
  Import took 0.020569 seconds .

========================================================================
Received Prepare
Registering precompiled user dll's ...
Registered in 5.907597 seconds.
Begin MonoManager ReloadAssembly
Native extension for WindowsStandalone target not found
Native extension for WebGL target not found
Refreshing native plugins compatible for Editor in 146.46 ms, found 1 plugins.
Preloading 0 native plugins for Editor in 0.00 ms.
Invoked RoslynAnalysisRunner static constructor.
RoslynAnalysisRunner will not be running.
RoslynAnalysisRunner has terminated.
Mono: successfully reloaded assembly
- Completed reload, in 311.206 seconds
Platform modules already initialized, skipping
Refreshing native plugins compatible for Editor in 0.78 ms, found 1 plugins.
Preloading 0 native plugins for Editor in 0.00 ms.
Unloading 1793 Unused Serialized files (Serialized files now loaded: 0)
System memory in use before: 104.1 MB.
System memory in use after: 104.1 MB.

Unloading 12 unused Assets to reduce memory usage. Loaded Objects now: 2272.
Total: 300.547900 ms (FindLiveObjects: 0.429000 ms CreateObjectMapping: 0.095500 ms MarkObjects: 299.603300 ms  DeleteObjects: 0.417800 ms)

AssetImportWorkerClient::OnTransportError - code=2 error=End of file
