Using pre-set license
Built from '2020.2/staging' branch; Version is '2020.2.3f1 (8ff31bc5bf5b) revision 9433883'; Using compiler version '192528614'; Build Type 'Release'
OS: 'Windows 10 Pro; OS build 21370.1; Version 2009; 64bit' Language: 'ru' Physical Memory: 8174 MB
BatchMode: 1, IsHumanControllingUs: 0, StartBugReporterOnCrash: 0, Is64bit: 1, IsPro: 0

 COMMAND LINE ARGUMENTS:
C:\Program Files\Unity 2020.1.0b16\Editor\2020.2.3f1\Editor\Unity.exe
-adb2
-batchMode
-noUpm
-name
AssetImportWorker8
-projectPath
E:/Unity/Imperium/Imperium
-logFile
Logs/AssetImportWorker8.log
-srvPort
53687
Successfully changed project path to: E:/Unity/Imperium/Imperium
E:/Unity/Imperium/Imperium
Using Asset Import Pipeline V2.
Refreshing native plugins compatible for Editor in 158.53 ms, found 1 plugins.
Preloading 0 native plugins for Editor in 0.00 ms.
Initialize engine version: 2020.2.3f1 (8ff31bc5bf5b)
[Subsystems] Discovering subsystems at path C:/Program Files/Unity 2020.1.0b16/Editor/2020.2.3f1/Editor/Data/Resources/UnitySubsystems
[Subsystems] Discovering subsystems at path E:/Unity/Imperium/Imperium/Assets
GfxDevice: creating device client; threaded=0
Direct3D:
    Version:  Direct3D 11.0 [level 11.1]
    Renderer: Radeon (TM) RX 470 Graphics (ID=0x67df)
    Vendor:   
    VRAM:     8171 MB
    Driver:   27.20.21001.7005
Initialize mono
Mono path[0] = 'C:/Program Files/Unity 2020.1.0b16/Editor/2020.2.3f1/Editor/Data/Managed'
Mono path[1] = 'C:/Program Files/Unity 2020.1.0b16/Editor/2020.2.3f1/Editor/Data/MonoBleedingEdge/lib/mono/unityjit'
Mono config path = 'C:/Program Files/Unity 2020.1.0b16/Editor/2020.2.3f1/Editor/Data/MonoBleedingEdge/etc'
Using monoOptions --debugger-agent=transport=dt_socket,embedding=1,server=y,suspend=n,address=127.0.0.1:56684
Begin MonoManager ReloadAssembly
Registering precompiled unity dll's ...
Register platform support module: C:/Program Files/Unity 2020.1.0b16/Editor/2020.2.3f1/Editor/Data/PlaybackEngines/WebGLSupport/UnityEditor.WebGL.Extensions.dll
Register platform support module: C:/Program Files/Unity 2020.1.0b16/Editor/2020.2.3f1/Editor/Data/PlaybackEngines/WindowsStandaloneSupport/UnityEditor.WindowsStandalone.Extensions.dll
Registered in 0.003747 seconds.
Native extension for WindowsStandalone target not found
Native extension for WebGL target not found
Refreshing native plugins compatible for Editor in 85.22 ms, found 1 plugins.
Preloading 0 native plugins for Editor in 0.00 ms.
Invoked RoslynAnalysisRunner static constructor.
RoslynAnalysisRunner will not be running.
RoslynAnalysisRunner has terminated.
Mono: successfully reloaded assembly
- Completed reload, in  4.363 seconds
Platform modules already initialized, skipping
Registering precompiled user dll's ...
Registered in 0.001260 seconds.
Begin MonoManager ReloadAssembly
Native extension for WindowsStandalone target not found
Native extension for WebGL target not found
Refreshing native plugins compatible for Editor in 78.21 ms, found 1 plugins.
Preloading 0 native plugins for Editor in 0.00 ms.
Invoked RoslynAnalysisRunner static constructor.
RoslynAnalysisRunner will not be running.
RoslynAnalysisRunner has terminated.
Mono: successfully reloaded assembly
- Completed reload, in  1.979 seconds
Platform modules already initialized, skipping
========================================================================
Worker process is ready to serve import requests
Launched and connected shader compiler UnityShaderCompiler.exe after 0.43 seconds
Refreshing native plugins compatible for Editor in 0.82 ms, found 1 plugins.
Preloading 0 native plugins for Editor in 0.00 ms.
Unloading 1820 Unused Serialized files (Serialized files now loaded: 0)
System memory in use before: 105.4 MB.
System memory in use after: 105.5 MB.

Unloading 21 unused Assets to reduce memory usage. Loaded Objects now: 2286.
Total: 3.762300 ms (FindLiveObjects: 0.452500 ms CreateObjectMapping: 0.110800 ms MarkObjects: 2.969700 ms  DeleteObjects: 0.227600 ms)

========================================================================
Received Prepare
Refreshing native plugins compatible for Editor in 2.43 ms, found 1 plugins.
Preloading 0 native plugins for Editor in 0.00 ms.
Unloading 7 Unused Serialized files (Serialized files now loaded: 0)
System memory in use before: 69.2 MB.
System memory in use after: 69.3 MB.

Unloading 7 unused Assets to reduce memory usage. Loaded Objects now: 2286.
Total: 2.895200 ms (FindLiveObjects: 0.416900 ms CreateObjectMapping: 0.102200 ms MarkObjects: 2.248600 ms  DeleteObjects: 0.126000 ms)

========================================================================
Received Prepare
Registering precompiled user dll's ...
Registered in 0.001472 seconds.
Begin MonoManager ReloadAssembly
Native extension for WindowsStandalone target not found
Native extension for WebGL target not found
Refreshing native plugins compatible for Editor in 0.75 ms, found 1 plugins.
Preloading 0 native plugins for Editor in 0.00 ms.
Invoked RoslynAnalysisRunner static constructor.
RoslynAnalysisRunner will not be running.
RoslynAnalysisRunner has terminated.
Mono: successfully reloaded assembly
- Completed reload, in  1.682 seconds
Platform modules already initialized, skipping
Refreshing native plugins compatible for Editor in 0.70 ms, found 1 plugins.
Preloading 0 native plugins for Editor in 0.00 ms.
Unloading 1810 Unused Serialized files (Serialized files now loaded: 0)
System memory in use before: 105.0 MB.
System memory in use after: 105.1 MB.

Unloading 9 unused Assets to reduce memory usage. Loaded Objects now: 2289.
Total: 3.236200 ms (FindLiveObjects: 0.486900 ms CreateObjectMapping: 0.088300 ms MarkObjects: 2.525900 ms  DeleteObjects: 0.133500 ms)

========================================================================
Received Prepare
Registering precompiled user dll's ...
Registered in 0.001625 seconds.
Begin MonoManager ReloadAssembly
Native extension for WindowsStandalone target not found
Native extension for WebGL target not found
Refreshing native plugins compatible for Editor in 1.11 ms, found 1 plugins.
Preloading 0 native plugins for Editor in 0.00 ms.
Invoked RoslynAnalysisRunner static constructor.
RoslynAnalysisRunner will not be running.
RoslynAnalysisRunner has terminated.
Mono: successfully reloaded assembly
- Completed reload, in  1.619 seconds
Platform modules already initialized, skipping
Refreshing native plugins compatible for Editor in 0.63 ms, found 1 plugins.
Preloading 0 native plugins for Editor in 0.00 ms.
Unloading 1810 Unused Serialized files (Serialized files now loaded: 0)
System memory in use before: 105.1 MB.
System memory in use after: 105.1 MB.

Unloading 9 unused Assets to reduce memory usage. Loaded Objects now: 2292.
Total: 3.351800 ms (FindLiveObjects: 0.406300 ms CreateObjectMapping: 0.098100 ms MarkObjects: 2.635000 ms  DeleteObjects: 0.176900 ms)

========================================================================
Received Prepare
Refreshing native plugins compatible for Editor in 2.38 ms, found 1 plugins.
Preloading 0 native plugins for Editor in 0.00 ms.
Unloading 7 Unused Serialized files (Serialized files now loaded: 0)
System memory in use before: 69.4 MB.
System memory in use after: 69.5 MB.

Unloading 7 unused Assets to reduce memory usage. Loaded Objects now: 2292.
Total: 2.832800 ms (FindLiveObjects: 0.507500 ms CreateObjectMapping: 0.087300 ms MarkObjects: 2.109800 ms  DeleteObjects: 0.127000 ms)

========================================================================
Received Prepare
Registering precompiled user dll's ...
Registered in 0.001628 seconds.
Begin MonoManager ReloadAssembly
Native extension for WindowsStandalone target not found
Native extension for WebGL target not found
Refreshing native plugins compatible for Editor in 0.64 ms, found 1 plugins.
Preloading 0 native plugins for Editor in 0.00 ms.
Invoked RoslynAnalysisRunner static constructor.
RoslynAnalysisRunner will not be running.
RoslynAnalysisRunner has terminated.
Mono: successfully reloaded assembly
- Completed reload, in  1.455 seconds
Platform modules already initialized, skipping
Refreshing native plugins compatible for Editor in 0.65 ms, found 1 plugins.
Preloading 0 native plugins for Editor in 0.00 ms.
Unloading 1810 Unused Serialized files (Serialized files now loaded: 0)
System memory in use before: 105.1 MB.
System memory in use after: 105.1 MB.

Unloading 9 unused Assets to reduce memory usage. Loaded Objects now: 2295.
Total: 2.685100 ms (FindLiveObjects: 0.337800 ms CreateObjectMapping: 0.089700 ms MarkObjects: 2.112800 ms  DeleteObjects: 0.143600 ms)

========================================================================
Received Import Request.
  path: Assets/Samples/2D SpriteShape/5.1.0/Sprite Shape Samples/Sprite Shape Profiles/Platform Supports.asset
  artifactKey: Guid(e22936b0b355342d7b0855d7e938963e) Importer(815301076,1909f56bfc062723c751e8b465ee728b)
Start importing Assets/Samples/2D SpriteShape/5.1.0/Sprite Shape Samples/Sprite Shape Profiles/Platform Supports.asset using Guid(e22936b0b355342d7b0855d7e938963e) Importer(815301076,1909f56bfc062723c751e8b465ee728b)  -> (artifact id: '1755f7e80393a063924b4e9217f09e67') in 0.086535 seconds
  Import took 0.091538 seconds .

========================================================================
Received Import Request.
  Time since last request: 0.005734 seconds.
  path: Assets/Samples/2D SpriteShape/5.1.0/Sprite Shape Samples/Sprite Shape Profiles/Platform Supports.asset
  artifactKey: Guid(e22936b0b355342d7b0855d7e938963e) Importer(815301076,1909f56bfc062723c751e8b465ee728b)
Start importing Assets/Samples/2D SpriteShape/5.1.0/Sprite Shape Samples/Sprite Shape Profiles/Platform Supports.asset using Guid(e22936b0b355342d7b0855d7e938963e) Importer(815301076,1909f56bfc062723c751e8b465ee728b)  -> (artifact id: '1755f7e80393a063924b4e9217f09e67') in 0.007233 seconds
  Import took 0.015329 seconds .

========================================================================
Received Import Request.
  Time since last request: 21.671700 seconds.
  path: Assets/Scripts/ExitButton.cs
  artifactKey: Guid(d678dbdc31d39ae4ebcd77e84c84d9e4) Importer(815301076,1909f56bfc062723c751e8b465ee728b)
Start importing Assets/Scripts/ExitButton.cs using Guid(d678dbdc31d39ae4ebcd77e84c84d9e4) Importer(815301076,1909f56bfc062723c751e8b465ee728b)  -> (artifact id: 'a1407c90e23d0056740082b13c67f460') in 0.228636 seconds
  Import took 0.235374 seconds .

========================================================================
Received Prepare
Registering precompiled user dll's ...
Registered in 0.001395 seconds.
Begin MonoManager ReloadAssembly
Native extension for WindowsStandalone target not found
Native extension for WebGL target not found
Refreshing native plugins compatible for Editor in 0.84 ms, found 1 plugins.
Preloading 0 native plugins for Editor in 0.00 ms.
Invoked RoslynAnalysisRunner static constructor.
RoslynAnalysisRunner will not be running.
RoslynAnalysisRunner has terminated.
Mono: successfully reloaded assembly
- Completed reload, in  1.542 seconds
Platform modules already initialized, skipping
Refreshing native plugins compatible for Editor in 1.12 ms, found 1 plugins.
Preloading 0 native plugins for Editor in 0.00 ms.
Unloading 1811 Unused Serialized files (Serialized files now loaded: 0)
System memory in use before: 105.1 MB.
System memory in use after: 105.2 MB.

Unloading 9 unused Assets to reduce memory usage. Loaded Objects now: 2299.
Total: 2.628600 ms (FindLiveObjects: 0.285900 ms CreateObjectMapping: 0.085800 ms MarkObjects: 2.114300 ms  DeleteObjects: 0.141400 ms)

========================================================================
Received Prepare
Registering precompiled user dll's ...
Registered in 0.001455 seconds.
Begin MonoManager ReloadAssembly
Native extension for WindowsStandalone target not found
Native extension for WebGL target not found
Refreshing native plugins compatible for Editor in 0.66 ms, found 1 plugins.
Preloading 0 native plugins for Editor in 0.00 ms.
Invoked RoslynAnalysisRunner static constructor.
RoslynAnalysisRunner will not be running.
RoslynAnalysisRunner has terminated.
Mono: successfully reloaded assembly
- Completed reload, in  1.685 seconds
Platform modules already initialized, skipping
Refreshing native plugins compatible for Editor in 0.62 ms, found 1 plugins.
Preloading 0 native plugins for Editor in 0.00 ms.
Unloading 1811 Unused Serialized files (Serialized files now loaded: 0)
System memory in use before: 105.1 MB.
System memory in use after: 105.2 MB.

Unloading 9 unused Assets to reduce memory usage. Loaded Objects now: 2302.
Total: 3.222000 ms (FindLiveObjects: 0.689200 ms CreateObjectMapping: 0.116400 ms MarkObjects: 2.273300 ms  DeleteObjects: 0.141700 ms)

========================================================================
Received Import Request.
  Time since last request: 184.741652 seconds.
  path: Assets/Scripts/ExitButton.cs
  artifactKey: Guid(d678dbdc31d39ae4ebcd77e84c84d9e4) Importer(815301076,1909f56bfc062723c751e8b465ee728b)
Start importing Assets/Scripts/ExitButton.cs using Guid(d678dbdc31d39ae4ebcd77e84c84d9e4) Importer(815301076,1909f56bfc062723c751e8b465ee728b)  -> (artifact id: '06609bca8a5d2ca26a616c4d4affc584') in 0.014642 seconds
  Import took 0.018963 seconds .

========================================================================
Received Prepare
Registering precompiled user dll's ...
Registered in 0.001522 seconds.
Begin MonoManager ReloadAssembly
Native extension for WindowsStandalone target not found
Native extension for WebGL target not found
Refreshing native plugins compatible for Editor in 0.65 ms, found 1 plugins.
Preloading 0 native plugins for Editor in 0.00 ms.
Invoked RoslynAnalysisRunner static constructor.
RoslynAnalysisRunner will not be running.
RoslynAnalysisRunner has terminated.
Mono: successfully reloaded assembly
- Completed reload, in  1.891 seconds
Platform modules already initialized, skipping
Refreshing native plugins compatible for Editor in 0.63 ms, found 1 plugins.
Preloading 0 native plugins for Editor in 0.00 ms.
Unloading 1811 Unused Serialized files (Serialized files now loaded: 0)
System memory in use before: 105.2 MB.
System memory in use after: 105.2 MB.

Unloading 9 unused Assets to reduce memory usage. Loaded Objects now: 2305.
Total: 3.193800 ms (FindLiveObjects: 0.319400 ms CreateObjectMapping: 0.085900 ms MarkObjects: 2.651300 ms  DeleteObjects: 0.135800 ms)

========================================================================
Received Prepare
Registering precompiled user dll's ...
Registered in 0.001702 seconds.
Begin MonoManager ReloadAssembly
Native extension for WindowsStandalone target not found
Native extension for WebGL target not found
Refreshing native plugins compatible for Editor in 0.67 ms, found 1 plugins.
Preloading 0 native plugins for Editor in 0.00 ms.
Invoked RoslynAnalysisRunner static constructor.
RoslynAnalysisRunner will not be running.
RoslynAnalysisRunner has terminated.
Mono: successfully reloaded assembly
- Completed reload, in  1.535 seconds
Platform modules already initialized, skipping
Refreshing native plugins compatible for Editor in 0.70 ms, found 1 plugins.
Preloading 0 native plugins for Editor in 0.00 ms.
Unloading 1810 Unused Serialized files (Serialized files now loaded: 0)
System memory in use before: 105.1 MB.
System memory in use after: 105.2 MB.

Unloading 10 unused Assets to reduce memory usage. Loaded Objects now: 2307.
Total: 3.587500 ms (FindLiveObjects: 0.332500 ms CreateObjectMapping: 0.089300 ms MarkObjects: 3.001400 ms  DeleteObjects: 0.162900 ms)

========================================================================
Received Prepare
Refreshing native plugins compatible for Editor in 2.41 ms, found 1 plugins.
Preloading 0 native plugins for Editor in 0.00 ms.
Unloading 7 Unused Serialized files (Serialized files now loaded: 0)
System memory in use before: 69.5 MB.
System memory in use after: 69.6 MB.

Unloading 7 unused Assets to reduce memory usage. Loaded Objects now: 2307.
Total: 2.938900 ms (FindLiveObjects: 0.458100 ms CreateObjectMapping: 0.128400 ms MarkObjects: 2.217900 ms  DeleteObjects: 0.133100 ms)

========================================================================
Received Prepare
Registering precompiled user dll's ...
Registered in 0.002170 seconds.
Begin MonoManager ReloadAssembly
Native extension for WindowsStandalone target not found
Native extension for WebGL target not found
Refreshing native plugins compatible for Editor in 0.64 ms, found 1 plugins.
Preloading 0 native plugins for Editor in 0.00 ms.
Invoked RoslynAnalysisRunner static constructor.
RoslynAnalysisRunner will not be running.
RoslynAnalysisRunner has terminated.
Mono: successfully reloaded assembly
- Completed reload, in  1.541 seconds
Platform modules already initialized, skipping
Refreshing native plugins compatible for Editor in 0.73 ms, found 1 plugins.
Preloading 0 native plugins for Editor in 0.00 ms.
Unloading 1810 Unused Serialized files (Serialized files now loaded: 0)
System memory in use before: 105.2 MB.
System memory in use after: 105.2 MB.

Unloading 9 unused Assets to reduce memory usage. Loaded Objects now: 2310.
Total: 4.824600 ms (FindLiveObjects: 0.397900 ms CreateObjectMapping: 0.101700 ms MarkObjects: 4.166800 ms  DeleteObjects: 0.156000 ms)

========================================================================
Received Prepare
Registering precompiled user dll's ...
Registered in 0.001376 seconds.
Begin MonoManager ReloadAssembly
Native extension for WindowsStandalone target not found
Native extension for WebGL target not found
Refreshing native plugins compatible for Editor in 0.67 ms, found 1 plugins.
Preloading 0 native plugins for Editor in 0.00 ms.
Invoked RoslynAnalysisRunner static constructor.
RoslynAnalysisRunner will not be running.
RoslynAnalysisRunner has terminated.
Mono: successfully reloaded assembly
- Completed reload, in  1.619 seconds
Platform modules already initialized, skipping
Refreshing native plugins compatible for Editor in 0.92 ms, found 1 plugins.
Preloading 0 native plugins for Editor in 0.00 ms.
Unloading 1810 Unused Serialized files (Serialized files now loaded: 0)
System memory in use before: 105.2 MB.
System memory in use after: 105.2 MB.

Unloading 9 unused Assets to reduce memory usage. Loaded Objects now: 2313.
Total: 17.665300 ms (FindLiveObjects: 1.283200 ms CreateObjectMapping: 0.302800 ms MarkObjects: 15.918400 ms  DeleteObjects: 0.159100 ms)

========================================================================
Received Import Request.
  Time since last request: 209.898712 seconds.
  path: Assets/Scripts/Item.cs
  artifactKey: Guid(eb56ed7a48734b3a97d84f6b82e35ded) Importer(815301076,1909f56bfc062723c751e8b465ee728b)
Start importing Assets/Scripts/Item.cs using Guid(eb56ed7a48734b3a97d84f6b82e35ded) Importer(815301076,1909f56bfc062723c751e8b465ee728b)  -> (artifact id: 'f9957bff2d9598029b681c37b42dc9ea') in 0.015908 seconds
  Import took 0.020916 seconds .

AssetImportWorkerClient::OnTransportError - code=2 error=End of file
