Using pre-set license
Built from '2020.2/staging' branch; Version is '2020.2.3f1 (8ff31bc5bf5b) revision 9433883'; Using compiler version '192528614'; Build Type 'Release'
OS: 'Windows 10 Pro; OS build 21370.1; Version 2009; 64bit' Language: 'ru' Physical Memory: 8174 MB
BatchMode: 1, IsHumanControllingUs: 0, StartBugReporterOnCrash: 0, Is64bit: 1, IsPro: 0

 COMMAND LINE ARGUMENTS:
C:\Program Files\Unity 2020.1.0b16\Editor\2020.2.3f1\Editor\Unity.exe
-adb2
-batchMode
-noUpm
-name
AssetImportWorker1
-projectPath
E:/Unity/Imperium/Imperium
-logFile
Logs/AssetImportWorker1.log
-srvPort
52468
Successfully changed project path to: E:/Unity/Imperium/Imperium
E:/Unity/Imperium/Imperium
Using Asset Import Pipeline V2.
Refreshing native plugins compatible for Editor in 162.36 ms, found 1 plugins.
Preloading 0 native plugins for Editor in 0.00 ms.
Initialize engine version: 2020.2.3f1 (8ff31bc5bf5b)
[Subsystems] Discovering subsystems at path C:/Program Files/Unity 2020.1.0b16/Editor/2020.2.3f1/Editor/Data/Resources/UnitySubsystems
[Subsystems] Discovering subsystems at path E:/Unity/Imperium/Imperium/Assets
GfxDevice: creating device client; threaded=0
Direct3D:
    Version:  Direct3D 11.0 [level 11.1]
    Renderer: Radeon (TM) RX 470 Graphics (ID=0x67df)
    Vendor:   
    VRAM:     8171 MB
    Driver:   27.20.21001.7005
Initialize mono
Mono path[0] = 'C:/Program Files/Unity 2020.1.0b16/Editor/2020.2.3f1/Editor/Data/Managed'
Mono path[1] = 'C:/Program Files/Unity 2020.1.0b16/Editor/2020.2.3f1/Editor/Data/MonoBleedingEdge/lib/mono/unityjit'
Mono config path = 'C:/Program Files/Unity 2020.1.0b16/Editor/2020.2.3f1/Editor/Data/MonoBleedingEdge/etc'
Using monoOptions --debugger-agent=transport=dt_socket,embedding=1,server=y,suspend=n,address=127.0.0.1:56384
Begin MonoManager ReloadAssembly
Registering precompiled unity dll's ...
Register platform support module: C:/Program Files/Unity 2020.1.0b16/Editor/2020.2.3f1/Editor/Data/PlaybackEngines/WebGLSupport/UnityEditor.WebGL.Extensions.dll
Register platform support module: C:/Program Files/Unity 2020.1.0b16/Editor/2020.2.3f1/Editor/Data/PlaybackEngines/WindowsStandaloneSupport/UnityEditor.WindowsStandalone.Extensions.dll
Registered in 0.008791 seconds.
Native extension for WindowsStandalone target not found
Native extension for WebGL target not found
Refreshing native plugins compatible for Editor in 167.60 ms, found 1 plugins.
Preloading 0 native plugins for Editor in 0.00 ms.
Invoked RoslynAnalysisRunner static constructor.
RoslynAnalysisRunner will not be running.
RoslynAnalysisRunner has terminated.
Mono: successfully reloaded assembly
- Completed reload, in 12.054 seconds
Platform modules already initialized, skipping
Registering precompiled user dll's ...
Registered in 0.002799 seconds.
Begin MonoManager ReloadAssembly
Native extension for WindowsStandalone target not found
Native extension for WebGL target not found
Refreshing native plugins compatible for Editor in 116.01 ms, found 1 plugins.
Preloading 0 native plugins for Editor in 0.00 ms.
Invoked RoslynAnalysisRunner static constructor.
RoslynAnalysisRunner will not be running.
RoslynAnalysisRunner has terminated.
Mono: successfully reloaded assembly
- Completed reload, in  4.452 seconds
Platform modules already initialized, skipping
========================================================================
Worker process is ready to serve import requests
Launched and connected shader compiler UnityShaderCompiler.exe after 0.51 seconds
Refreshing native plugins compatible for Editor in 1.49 ms, found 1 plugins.
Preloading 0 native plugins for Editor in 0.00 ms.
Unloading 1813 Unused Serialized files (Serialized files now loaded: 0)
System memory in use before: 105.1 MB.
System memory in use after: 105.2 MB.

Unloading 21 unused Assets to reduce memory usage. Loaded Objects now: 2279.
Total: 4.325700 ms (FindLiveObjects: 0.558500 ms CreateObjectMapping: 0.172100 ms MarkObjects: 3.327100 ms  DeleteObjects: 0.266200 ms)

========================================================================
Received Import Request.
  path: Assets/Animations/Hero1-svg (1)1618404995 1.controller
  artifactKey: Guid(03881a57c614cc94f8f222459e7fa8f8) Importer(815301076,1909f56bfc062723c751e8b465ee728b)
Start importing Assets/Animations/Hero1-svg (1)1618404995 1.controller using Guid(03881a57c614cc94f8f222459e7fa8f8) Importer(815301076,1909f56bfc062723c751e8b465ee728b)  -> (artifact id: '89827e7efd346577e3a525da48eb0827') in 0.364168 seconds
  Import took 0.432437 seconds .

========================================================================
Received Import Request.
  Time since last request: 293.688161 seconds.
  path: Assets/Scripts/PlayerController.cs
  artifactKey: Guid(81415175946847542aab1934cc1dea7c) Importer(815301076,1909f56bfc062723c751e8b465ee728b)
Start importing Assets/Scripts/PlayerController.cs using Guid(81415175946847542aab1934cc1dea7c) Importer(815301076,1909f56bfc062723c751e8b465ee728b)  -> (artifact id: '0dd82265cc2224e713efd5b24f71f131') in 0.075647 seconds
  Import took 0.302247 seconds .

========================================================================
Received Prepare
Registering precompiled user dll's ...
Registered in 0.061303 seconds.
Begin MonoManager ReloadAssembly
Native extension for WindowsStandalone target not found
Native extension for WebGL target not found
Refreshing native plugins compatible for Editor in 0.84 ms, found 1 plugins.
Preloading 0 native plugins for Editor in 0.00 ms.
Invoked RoslynAnalysisRunner static constructor.
RoslynAnalysisRunner will not be running.
RoslynAnalysisRunner has terminated.
Mono: successfully reloaded assembly
- Completed reload, in  2.333 seconds
Platform modules already initialized, skipping
Refreshing native plugins compatible for Editor in 4.38 ms, found 1 plugins.
Preloading 0 native plugins for Editor in 0.00 ms.
Unloading 1803 Unused Serialized files (Serialized files now loaded: 0)
System memory in use before: 104.7 MB.
System memory in use after: 104.8 MB.

Unloading 9 unused Assets to reduce memory usage. Loaded Objects now: 2282.
Total: 3.820600 ms (FindLiveObjects: 0.404600 ms CreateObjectMapping: 0.098000 ms MarkObjects: 3.146100 ms  DeleteObjects: 0.170300 ms)

========================================================================
Received Prepare
Refreshing native plugins compatible for Editor in 6.88 ms, found 1 plugins.
Preloading 0 native plugins for Editor in 0.00 ms.
Unloading 7 Unused Serialized files (Serialized files now loaded: 0)
System memory in use before: 69.2 MB.
System memory in use after: 69.3 MB.

Unloading 7 unused Assets to reduce memory usage. Loaded Objects now: 2282.
Total: 4.398900 ms (FindLiveObjects: 0.393700 ms CreateObjectMapping: 0.098700 ms MarkObjects: 3.539200 ms  DeleteObjects: 0.364900 ms)

========================================================================
Received Prepare
Registering precompiled user dll's ...
Registered in 0.003554 seconds.
Begin MonoManager ReloadAssembly
Native extension for WindowsStandalone target not found
Native extension for WebGL target not found
Refreshing native plugins compatible for Editor in 0.67 ms, found 1 plugins.
Preloading 0 native plugins for Editor in 0.00 ms.
Invoked RoslynAnalysisRunner static constructor.
RoslynAnalysisRunner will not be running.
RoslynAnalysisRunner has terminated.
Mono: successfully reloaded assembly
- Completed reload, in  2.181 seconds
Platform modules already initialized, skipping
Refreshing native plugins compatible for Editor in 0.78 ms, found 1 plugins.
Preloading 0 native plugins for Editor in 0.00 ms.
Unloading 1803 Unused Serialized files (Serialized files now loaded: 0)
System memory in use before: 104.8 MB.
System memory in use after: 104.8 MB.

Unloading 9 unused Assets to reduce memory usage. Loaded Objects now: 2285.
Total: 4.965000 ms (FindLiveObjects: 0.935300 ms CreateObjectMapping: 0.091700 ms MarkObjects: 3.764200 ms  DeleteObjects: 0.172200 ms)

========================================================================
Received Import Request.
  Time since last request: 418.456166 seconds.
  path: Assets/Animations/Hero1-svg (1)1618404995 1.controller
  artifactKey: Guid(03881a57c614cc94f8f222459e7fa8f8) Importer(815301076,1909f56bfc062723c751e8b465ee728b)
Start importing Assets/Animations/Hero1-svg (1)1618404995 1.controller using Guid(03881a57c614cc94f8f222459e7fa8f8) Importer(815301076,1909f56bfc062723c751e8b465ee728b)  -> (artifact id: '7b3eda4a22bdae34a148f72fb66e6efc') in 0.090611 seconds
  Import took 0.102848 seconds .

========================================================================
Received Prepare
Refreshing native plugins compatible for Editor in 94.53 ms, found 1 plugins.
Preloading 0 native plugins for Editor in 0.00 ms.
Unloading 7 Unused Serialized files (Serialized files now loaded: 0)
System memory in use before: 69.3 MB.
System memory in use after: 69.4 MB.

Unloading 7 unused Assets to reduce memory usage. Loaded Objects now: 2285.
Total: 11.061900 ms (FindLiveObjects: 1.220600 ms CreateObjectMapping: 0.122700 ms MarkObjects: 9.522800 ms  DeleteObjects: 0.194200 ms)

========================================================================
Received Prepare
Registering precompiled user dll's ...
Registered in 0.002687 seconds.
Begin MonoManager ReloadAssembly
Native extension for WindowsStandalone target not found
Native extension for WebGL target not found
Refreshing native plugins compatible for Editor in 0.72 ms, found 1 plugins.
Preloading 0 native plugins for Editor in 0.00 ms.
Invoked RoslynAnalysisRunner static constructor.
RoslynAnalysisRunner will not be running.
RoslynAnalysisRunner has terminated.
Mono: successfully reloaded assembly
- Completed reload, in  2.177 seconds
Platform modules already initialized, skipping
Refreshing native plugins compatible for Editor in 0.76 ms, found 1 plugins.
Preloading 0 native plugins for Editor in 0.00 ms.
Unloading 1803 Unused Serialized files (Serialized files now loaded: 0)
System memory in use before: 104.8 MB.
System memory in use after: 104.9 MB.

Unloading 9 unused Assets to reduce memory usage. Loaded Objects now: 2288.
Total: 3.727100 ms (FindLiveObjects: 0.748200 ms CreateObjectMapping: 0.097500 ms MarkObjects: 2.716600 ms  DeleteObjects: 0.163400 ms)

========================================================================
Received Prepare
Registering precompiled user dll's ...
Registered in 0.001795 seconds.
Begin MonoManager ReloadAssembly
Native extension for WindowsStandalone target not found
Native extension for WebGL target not found
Refreshing native plugins compatible for Editor in 0.70 ms, found 1 plugins.
Preloading 0 native plugins for Editor in 0.00 ms.
Invoked RoslynAnalysisRunner static constructor.
RoslynAnalysisRunner will not be running.
RoslynAnalysisRunner has terminated.
Mono: successfully reloaded assembly
- Completed reload, in  1.975 seconds
Platform modules already initialized, skipping
Refreshing native plugins compatible for Editor in 0.64 ms, found 1 plugins.
Preloading 0 native plugins for Editor in 0.00 ms.
Unloading 1803 Unused Serialized files (Serialized files now loaded: 0)
System memory in use before: 104.8 MB.
System memory in use after: 104.9 MB.

Unloading 9 unused Assets to reduce memory usage. Loaded Objects now: 2291.
Total: 3.278100 ms (FindLiveObjects: 0.341100 ms CreateObjectMapping: 0.151100 ms MarkObjects: 2.614100 ms  DeleteObjects: 0.169100 ms)

========================================================================
Received Prepare
Refreshing native plugins compatible for Editor in 2.47 ms, found 1 plugins.
Preloading 0 native plugins for Editor in 0.00 ms.
Unloading 7 Unused Serialized files (Serialized files now loaded: 0)
System memory in use before: 69.3 MB.
System memory in use after: 69.4 MB.

Unloading 7 unused Assets to reduce memory usage. Loaded Objects now: 2291.
Total: 3.085500 ms (FindLiveObjects: 0.371300 ms CreateObjectMapping: 0.095400 ms MarkObjects: 2.476400 ms  DeleteObjects: 0.141000 ms)

========================================================================
Received Prepare
Registering precompiled user dll's ...
Registered in 0.001522 seconds.
Begin MonoManager ReloadAssembly
Native extension for WindowsStandalone target not found
Native extension for WebGL target not found
Refreshing native plugins compatible for Editor in 0.64 ms, found 1 plugins.
Preloading 0 native plugins for Editor in 0.00 ms.
Invoked RoslynAnalysisRunner static constructor.
RoslynAnalysisRunner will not be running.
RoslynAnalysisRunner has terminated.
Mono: successfully reloaded assembly
- Completed reload, in  1.382 seconds
Platform modules already initialized, skipping
Refreshing native plugins compatible for Editor in 0.66 ms, found 1 plugins.
Preloading 0 native plugins for Editor in 0.00 ms.
Unloading 1803 Unused Serialized files (Serialized files now loaded: 0)
System memory in use before: 104.8 MB.
System memory in use after: 104.9 MB.

Unloading 9 unused Assets to reduce memory usage. Loaded Objects now: 2294.
Total: 3.416900 ms (FindLiveObjects: 0.438000 ms CreateObjectMapping: 0.307600 ms MarkObjects: 2.498900 ms  DeleteObjects: 0.170700 ms)

========================================================================
Received Prepare
Refreshing native plugins compatible for Editor in 2.45 ms, found 1 plugins.
Preloading 0 native plugins for Editor in 0.00 ms.
Unloading 7 Unused Serialized files (Serialized files now loaded: 0)
System memory in use before: 69.3 MB.
System memory in use after: 69.4 MB.

Unloading 7 unused Assets to reduce memory usage. Loaded Objects now: 2294.
Total: 2.673200 ms (FindLiveObjects: 0.330300 ms CreateObjectMapping: 0.086200 ms MarkObjects: 2.119000 ms  DeleteObjects: 0.136000 ms)

========================================================================
Received Prepare
Registering precompiled user dll's ...
Registered in 0.001837 seconds.
Begin MonoManager ReloadAssembly
Native extension for WindowsStandalone target not found
Native extension for WebGL target not found
Refreshing native plugins compatible for Editor in 0.64 ms, found 1 plugins.
Preloading 0 native plugins for Editor in 0.00 ms.
Invoked RoslynAnalysisRunner static constructor.
RoslynAnalysisRunner will not be running.
RoslynAnalysisRunner has terminated.
Mono: successfully reloaded assembly
- Completed reload, in  1.318 seconds
Platform modules already initialized, skipping
Refreshing native plugins compatible for Editor in 0.65 ms, found 1 plugins.
Preloading 0 native plugins for Editor in 0.00 ms.
Unloading 1803 Unused Serialized files (Serialized files now loaded: 0)
System memory in use before: 104.8 MB.
System memory in use after: 104.9 MB.

Unloading 9 unused Assets to reduce memory usage. Loaded Objects now: 2297.
Total: 3.397500 ms (FindLiveObjects: 0.406400 ms CreateObjectMapping: 0.089500 ms MarkObjects: 2.707800 ms  DeleteObjects: 0.192000 ms)

========================================================================
Received Prepare
Refreshing native plugins compatible for Editor in 2.27 ms, found 1 plugins.
Preloading 0 native plugins for Editor in 0.00 ms.
Unloading 7 Unused Serialized files (Serialized files now loaded: 0)
System memory in use before: 69.3 MB.
System memory in use after: 69.4 MB.

Unloading 7 unused Assets to reduce memory usage. Loaded Objects now: 2297.
Total: 2.844000 ms (FindLiveObjects: 0.480700 ms CreateObjectMapping: 0.195000 ms MarkObjects: 2.032100 ms  DeleteObjects: 0.134600 ms)

========================================================================
Received Prepare
Registering precompiled user dll's ...
Registered in 0.054446 seconds.
Begin MonoManager ReloadAssembly
Native extension for WindowsStandalone target not found
Native extension for WebGL target not found
Refreshing native plugins compatible for Editor in 0.71 ms, found 1 plugins.
Preloading 0 native plugins for Editor in 0.00 ms.
Invoked RoslynAnalysisRunner static constructor.
RoslynAnalysisRunner will not be running.
RoslynAnalysisRunner has terminated.
Mono: successfully reloaded assembly
- Completed reload, in  4.290 seconds
Platform modules already initialized, skipping
Refreshing native plugins compatible for Editor in 1.26 ms, found 1 plugins.
Preloading 0 native plugins for Editor in 0.00 ms.
Unloading 1803 Unused Serialized files (Serialized files now loaded: 0)
System memory in use before: 104.8 MB.
System memory in use after: 104.9 MB.

Unloading 9 unused Assets to reduce memory usage. Loaded Objects now: 2300.
Total: 3.298800 ms (FindLiveObjects: 0.670400 ms CreateObjectMapping: 0.154300 ms MarkObjects: 2.255200 ms  DeleteObjects: 0.216900 ms)

========================================================================
Received Prepare
Refreshing native plugins compatible for Editor in 3.51 ms, found 1 plugins.
Preloading 0 native plugins for Editor in 0.00 ms.
Unloading 7 Unused Serialized files (Serialized files now loaded: 0)
System memory in use before: 69.3 MB.
System memory in use after: 69.4 MB.

Unloading 7 unused Assets to reduce memory usage. Loaded Objects now: 2300.
Total: 3.216200 ms (FindLiveObjects: 0.383400 ms CreateObjectMapping: 0.088100 ms MarkObjects: 2.543900 ms  DeleteObjects: 0.199200 ms)

========================================================================
Received Prepare
Registering precompiled user dll's ...
Registered in 0.001718 seconds.
Begin MonoManager ReloadAssembly
Native extension for WindowsStandalone target not found
Native extension for WebGL target not found
Refreshing native plugins compatible for Editor in 0.66 ms, found 1 plugins.
Preloading 0 native plugins for Editor in 0.00 ms.
Invoked RoslynAnalysisRunner static constructor.
RoslynAnalysisRunner will not be running.
RoslynAnalysisRunner has terminated.
Mono: successfully reloaded assembly
- Completed reload, in  1.469 seconds
Platform modules already initialized, skipping
Refreshing native plugins compatible for Editor in 0.74 ms, found 1 plugins.
Preloading 0 native plugins for Editor in 0.00 ms.
Unloading 1803 Unused Serialized files (Serialized files now loaded: 0)
System memory in use before: 104.9 MB.
System memory in use after: 104.9 MB.

Unloading 9 unused Assets to reduce memory usage. Loaded Objects now: 2303.
Total: 5.203700 ms (FindLiveObjects: 0.878300 ms CreateObjectMapping: 0.187800 ms MarkObjects: 3.958800 ms  DeleteObjects: 0.176600 ms)

========================================================================
Received Prepare
Refreshing native plugins compatible for Editor in 2.64 ms, found 1 plugins.
Preloading 0 native plugins for Editor in 0.00 ms.
Unloading 7 Unused Serialized files (Serialized files now loaded: 0)
System memory in use before: 69.4 MB.
System memory in use after: 69.4 MB.

Unloading 7 unused Assets to reduce memory usage. Loaded Objects now: 2303.
Total: 2.823700 ms (FindLiveObjects: 0.342400 ms CreateObjectMapping: 0.092000 ms MarkObjects: 2.233500 ms  DeleteObjects: 0.154700 ms)

========================================================================
Received Prepare
Registering precompiled user dll's ...
Registered in 0.002290 seconds.
Begin MonoManager ReloadAssembly
Native extension for WindowsStandalone target not found
Native extension for WebGL target not found
Refreshing native plugins compatible for Editor in 0.64 ms, found 1 plugins.
Preloading 0 native plugins for Editor in 0.00 ms.
Invoked RoslynAnalysisRunner static constructor.
RoslynAnalysisRunner will not be running.
RoslynAnalysisRunner has terminated.
Mono: successfully reloaded assembly
- Completed reload, in  1.667 seconds
Platform modules already initialized, skipping
Refreshing native plugins compatible for Editor in 0.65 ms, found 1 plugins.
Preloading 0 native plugins for Editor in 0.00 ms.
Unloading 1803 Unused Serialized files (Serialized files now loaded: 0)
System memory in use before: 104.9 MB.
System memory in use after: 104.9 MB.

Unloading 9 unused Assets to reduce memory usage. Loaded Objects now: 2306.
Total: 4.402700 ms (FindLiveObjects: 0.347300 ms CreateObjectMapping: 0.091200 ms MarkObjects: 3.717900 ms  DeleteObjects: 0.245000 ms)

========================================================================
Received Prepare
Refreshing native plugins compatible for Editor in 2.40 ms, found 1 plugins.
Preloading 0 native plugins for Editor in 0.00 ms.
Unloading 7 Unused Serialized files (Serialized files now loaded: 0)
System memory in use before: 69.4 MB.
System memory in use after: 69.4 MB.

Unloading 7 unused Assets to reduce memory usage. Loaded Objects now: 2306.
Total: 2.597600 ms (FindLiveObjects: 0.326500 ms CreateObjectMapping: 0.090100 ms MarkObjects: 2.048700 ms  DeleteObjects: 0.130700 ms)

========================================================================
Received Prepare
Registering precompiled user dll's ...
Registered in 0.002117 seconds.
Begin MonoManager ReloadAssembly
Native extension for WindowsStandalone target not found
Native extension for WebGL target not found
Refreshing native plugins compatible for Editor in 0.70 ms, found 1 plugins.
Preloading 0 native plugins for Editor in 0.00 ms.
Invoked RoslynAnalysisRunner static constructor.
RoslynAnalysisRunner will not be running.
RoslynAnalysisRunner has terminated.
Mono: successfully reloaded assembly
- Completed reload, in  1.534 seconds
Platform modules already initialized, skipping
Refreshing native plugins compatible for Editor in 0.72 ms, found 1 plugins.
Preloading 0 native plugins for Editor in 0.00 ms.
Unloading 1803 Unused Serialized files (Serialized files now loaded: 0)
System memory in use before: 104.9 MB.
System memory in use after: 104.9 MB.

Unloading 9 unused Assets to reduce memory usage. Loaded Objects now: 2309.
Total: 2.814800 ms (FindLiveObjects: 0.322600 ms CreateObjectMapping: 0.089100 ms MarkObjects: 2.248500 ms  DeleteObjects: 0.153300 ms)

========================================================================
Received Prepare
Refreshing native plugins compatible for Editor in 2.73 ms, found 1 plugins.
Preloading 0 native plugins for Editor in 0.00 ms.
Unloading 7 Unused Serialized files (Serialized files now loaded: 0)
System memory in use before: 69.4 MB.
System memory in use after: 69.5 MB.

Unloading 7 unused Assets to reduce memory usage. Loaded Objects now: 2309.
Total: 3.165600 ms (FindLiveObjects: 0.601700 ms CreateObjectMapping: 0.199000 ms MarkObjects: 2.211700 ms  DeleteObjects: 0.152000 ms)

========================================================================
Received Import Request.
  Time since last request: 2159.790129 seconds.
  path: Assets/Samples
  artifactKey: Guid(f5489d11969021441a84a6c0f83fc862) Importer(815301076,1909f56bfc062723c751e8b465ee728b)
Start importing Assets/Samples using Guid(f5489d11969021441a84a6c0f83fc862) Importer(815301076,1909f56bfc062723c751e8b465ee728b)  -> (artifact id: '79cd4f695cd955a051be13ec9ebfb66e') in 0.005708 seconds
  Import took 0.030784 seconds .

========================================================================
Received Import Request.
  Time since last request: 2.483378 seconds.
  path: Assets/Samples/2D SpriteShape
  artifactKey: Guid(f9d3e210a41e4ca4587edbf0f1603a80) Importer(815301076,1909f56bfc062723c751e8b465ee728b)
Start importing Assets/Samples/2D SpriteShape using Guid(f9d3e210a41e4ca4587edbf0f1603a80) Importer(815301076,1909f56bfc062723c751e8b465ee728b)  -> (artifact id: '659377a41646a0a365e25c9b47013016') in 0.004481 seconds
  Import took 0.106453 seconds .

========================================================================
Received Prepare
Registering precompiled user dll's ...
Registered in 0.001672 seconds.
Begin MonoManager ReloadAssembly
Native extension for WindowsStandalone target not found
Native extension for WebGL target not found
Refreshing native plugins compatible for Editor in 0.65 ms, found 1 plugins.
Preloading 0 native plugins for Editor in 0.00 ms.
Invoked RoslynAnalysisRunner static constructor.
RoslynAnalysisRunner will not be running.
RoslynAnalysisRunner has terminated.
Mono: successfully reloaded assembly
- Completed reload, in  1.505 seconds
Platform modules already initialized, skipping
Refreshing native plugins compatible for Editor in 2.37 ms, found 1 plugins.
Preloading 0 native plugins for Editor in 0.00 ms.
Unloading 1803 Unused Serialized files (Serialized files now loaded: 0)
System memory in use before: 104.9 MB.
System memory in use after: 104.9 MB.

Unloading 9 unused Assets to reduce memory usage. Loaded Objects now: 2312.
Total: 2.888500 ms (FindLiveObjects: 0.339500 ms CreateObjectMapping: 0.088500 ms MarkObjects: 2.291200 ms  DeleteObjects: 0.167500 ms)

========================================================================
Received Import Request.
  Time since last request: 7594.076239 seconds.
  path: Assets/Animations/Hero1-svg (1)1618404995 1.controller
  artifactKey: Guid(03881a57c614cc94f8f222459e7fa8f8) Importer(815301076,1909f56bfc062723c751e8b465ee728b)
Start importing Assets/Animations/Hero1-svg (1)1618404995 1.controller using Guid(03881a57c614cc94f8f222459e7fa8f8) Importer(815301076,1909f56bfc062723c751e8b465ee728b)  -> (artifact id: '9c19be70fcb717fc729745276df419a0') in 0.098291 seconds
  Import took 0.131577 seconds .

========================================================================
Received Prepare
Registering precompiled user dll's ...
Registered in 0.002072 seconds.
Begin MonoManager ReloadAssembly
Native extension for WindowsStandalone target not found
Native extension for WebGL target not found
Refreshing native plugins compatible for Editor in 0.67 ms, found 1 plugins.
Preloading 0 native plugins for Editor in 0.00 ms.
Invoked RoslynAnalysisRunner static constructor.
RoslynAnalysisRunner will not be running.
RoslynAnalysisRunner has terminated.
Mono: successfully reloaded assembly
- Completed reload, in  1.652 seconds
Platform modules already initialized, skipping
Refreshing native plugins compatible for Editor in 0.84 ms, found 1 plugins.
Preloading 0 native plugins for Editor in 0.00 ms.
Unloading 1804 Unused Serialized files (Serialized files now loaded: 0)
System memory in use before: 104.9 MB.
System memory in use after: 105.0 MB.

Unloading 9 unused Assets to reduce memory usage. Loaded Objects now: 2316.
Total: 6.612100 ms (FindLiveObjects: 0.567700 ms CreateObjectMapping: 0.120600 ms MarkObjects: 4.238200 ms  DeleteObjects: 1.683700 ms)

========================================================================
Received Prepare
Refreshing native plugins compatible for Editor in 3.66 ms, found 1 plugins.
Preloading 0 native plugins for Editor in 0.00 ms.
Unloading 7 Unused Serialized files (Serialized files now loaded: 0)
System memory in use before: 69.4 MB.
System memory in use after: 69.5 MB.

Unloading 7 unused Assets to reduce memory usage. Loaded Objects now: 2316.
Total: 3.194900 ms (FindLiveObjects: 0.502300 ms CreateObjectMapping: 0.208100 ms MarkObjects: 2.323600 ms  DeleteObjects: 0.159400 ms)

========================================================================
Received Prepare
Registering precompiled user dll's ...
Registered in 0.002666 seconds.
Begin MonoManager ReloadAssembly
Native extension for WindowsStandalone target not found
Native extension for WebGL target not found
Refreshing native plugins compatible for Editor in 0.91 ms, found 1 plugins.
Preloading 0 native plugins for Editor in 0.00 ms.
Invoked RoslynAnalysisRunner static constructor.
RoslynAnalysisRunner will not be running.
RoslynAnalysisRunner has terminated.
Mono: successfully reloaded assembly
- Completed reload, in  1.926 seconds
Platform modules already initialized, skipping
Refreshing native plugins compatible for Editor in 0.65 ms, found 1 plugins.
Preloading 0 native plugins for Editor in 0.00 ms.
Unloading 1804 Unused Serialized files (Serialized files now loaded: 0)
System memory in use before: 104.9 MB.
System memory in use after: 105.0 MB.

Unloading 9 unused Assets to reduce memory usage. Loaded Objects now: 2319.
Total: 2.849900 ms (FindLiveObjects: 0.396300 ms CreateObjectMapping: 0.123300 ms MarkObjects: 2.192100 ms  DeleteObjects: 0.137000 ms)

========================================================================
Received Prepare
Refreshing native plugins compatible for Editor in 2.40 ms, found 1 plugins.
Preloading 0 native plugins for Editor in 0.00 ms.
Unloading 7 Unused Serialized files (Serialized files now loaded: 0)
System memory in use before: 69.4 MB.
System memory in use after: 69.5 MB.

Unloading 7 unused Assets to reduce memory usage. Loaded Objects now: 2319.
Total: 2.900300 ms (FindLiveObjects: 0.384100 ms CreateObjectMapping: 0.183500 ms MarkObjects: 2.166800 ms  DeleteObjects: 0.164500 ms)

========================================================================
Received Prepare
Registering precompiled user dll's ...
Registered in 0.001616 seconds.
Begin MonoManager ReloadAssembly
Native extension for WindowsStandalone target not found
Native extension for WebGL target not found
Refreshing native plugins compatible for Editor in 0.65 ms, found 1 plugins.
Preloading 0 native plugins for Editor in 0.00 ms.
Invoked RoslynAnalysisRunner static constructor.
RoslynAnalysisRunner will not be running.
RoslynAnalysisRunner has terminated.
Mono: successfully reloaded assembly
- Completed reload, in  1.405 seconds
Platform modules already initialized, skipping
Refreshing native plugins compatible for Editor in 0.74 ms, found 1 plugins.
Preloading 0 native plugins for Editor in 0.00 ms.
Unloading 1804 Unused Serialized files (Serialized files now loaded: 0)
System memory in use before: 104.9 MB.
System memory in use after: 105.0 MB.

Unloading 9 unused Assets to reduce memory usage. Loaded Objects now: 2322.
Total: 3.182400 ms (FindLiveObjects: 0.391900 ms CreateObjectMapping: 0.106900 ms MarkObjects: 2.540800 ms  DeleteObjects: 0.141300 ms)

========================================================================
Received Prepare
Refreshing native plugins compatible for Editor in 2.52 ms, found 1 plugins.
Preloading 0 native plugins for Editor in 0.00 ms.
Unloading 7 Unused Serialized files (Serialized files now loaded: 0)
System memory in use before: 69.4 MB.
System memory in use after: 69.5 MB.

Unloading 7 unused Assets to reduce memory usage. Loaded Objects now: 2322.
Total: 3.145900 ms (FindLiveObjects: 0.519500 ms CreateObjectMapping: 0.200800 ms MarkObjects: 2.216700 ms  DeleteObjects: 0.206700 ms)

========================================================================
Received Prepare
Registering precompiled user dll's ...
Registered in 0.002785 seconds.
Begin MonoManager ReloadAssembly
Native extension for WindowsStandalone target not found
Native extension for WebGL target not found
Refreshing native plugins compatible for Editor in 0.67 ms, found 1 plugins.
Preloading 0 native plugins for Editor in 0.00 ms.
Invoked RoslynAnalysisRunner static constructor.
RoslynAnalysisRunner will not be running.
RoslynAnalysisRunner has terminated.
Mono: successfully reloaded assembly
- Completed reload, in  1.399 seconds
Platform modules already initialized, skipping
Refreshing native plugins compatible for Editor in 0.65 ms, found 1 plugins.
Preloading 0 native plugins for Editor in 0.00 ms.
Unloading 1804 Unused Serialized files (Serialized files now loaded: 0)
System memory in use before: 105.0 MB.
System memory in use after: 105.0 MB.

Unloading 9 unused Assets to reduce memory usage. Loaded Objects now: 2325.
Total: 2.744200 ms (FindLiveObjects: 0.326500 ms CreateObjectMapping: 0.086800 ms MarkObjects: 2.193800 ms  DeleteObjects: 0.135100 ms)

========================================================================
Received Prepare
Refreshing native plugins compatible for Editor in 10.61 ms, found 1 plugins.
Preloading 0 native plugins for Editor in 0.00 ms.
Unloading 7 Unused Serialized files (Serialized files now loaded: 0)
System memory in use before: 69.4 MB.
System memory in use after: 69.5 MB.

Unloading 7 unused Assets to reduce memory usage. Loaded Objects now: 2325.
Total: 2.902100 ms (FindLiveObjects: 0.482700 ms CreateObjectMapping: 0.185500 ms MarkObjects: 2.090000 ms  DeleteObjects: 0.142200 ms)

========================================================================
Received Prepare
Registering precompiled user dll's ...
Registered in 0.001802 seconds.
Begin MonoManager ReloadAssembly
Native extension for WindowsStandalone target not found
Native extension for WebGL target not found
Refreshing native plugins compatible for Editor in 0.72 ms, found 1 plugins.
Preloading 0 native plugins for Editor in 0.00 ms.
Invoked RoslynAnalysisRunner static constructor.
RoslynAnalysisRunner will not be running.
RoslynAnalysisRunner has terminated.
Mono: successfully reloaded assembly
- Completed reload, in  1.374 seconds
Platform modules already initialized, skipping
Refreshing native plugins compatible for Editor in 0.69 ms, found 1 plugins.
Preloading 0 native plugins for Editor in 0.00 ms.
Unloading 1804 Unused Serialized files (Serialized files now loaded: 0)
System memory in use before: 105.0 MB.
System memory in use after: 105.0 MB.

Unloading 9 unused Assets to reduce memory usage. Loaded Objects now: 2328.
Total: 2.705200 ms (FindLiveObjects: 0.366300 ms CreateObjectMapping: 0.092700 ms MarkObjects: 2.109000 ms  DeleteObjects: 0.135500 ms)

========================================================================
Received Prepare
Refreshing native plugins compatible for Editor in 2.47 ms, found 1 plugins.
Preloading 0 native plugins for Editor in 0.00 ms.
Unloading 7 Unused Serialized files (Serialized files now loaded: 0)
System memory in use before: 69.4 MB.
System memory in use after: 69.5 MB.

Unloading 7 unused Assets to reduce memory usage. Loaded Objects now: 2328.
Total: 2.592700 ms (FindLiveObjects: 0.332300 ms CreateObjectMapping: 0.085700 ms MarkObjects: 2.045900 ms  DeleteObjects: 0.127300 ms)

========================================================================
Received Prepare
Registering precompiled user dll's ...
Registered in 0.001637 seconds.
Begin MonoManager ReloadAssembly
Native extension for WindowsStandalone target not found
Native extension for WebGL target not found
Refreshing native plugins compatible for Editor in 0.70 ms, found 1 plugins.
Preloading 0 native plugins for Editor in 0.00 ms.
Invoked RoslynAnalysisRunner static constructor.
RoslynAnalysisRunner will not be running.
RoslynAnalysisRunner has terminated.
Mono: successfully reloaded assembly
- Completed reload, in  1.715 seconds
Platform modules already initialized, skipping
Refreshing native plugins compatible for Editor in 0.67 ms, found 1 plugins.
Preloading 0 native plugins for Editor in 0.00 ms.
Unloading 1804 Unused Serialized files (Serialized files now loaded: 0)
System memory in use before: 105.0 MB.
System memory in use after: 105.0 MB.

Unloading 9 unused Assets to reduce memory usage. Loaded Objects now: 2331.
Total: 3.658900 ms (FindLiveObjects: 0.470600 ms CreateObjectMapping: 0.216900 ms MarkObjects: 2.759900 ms  DeleteObjects: 0.209600 ms)

========================================================================
Received Prepare
Refreshing native plugins compatible for Editor in 2.82 ms, found 1 plugins.
Preloading 0 native plugins for Editor in 0.00 ms.
Unloading 7 Unused Serialized files (Serialized files now loaded: 0)
System memory in use before: 69.5 MB.
System memory in use after: 69.5 MB.

Unloading 7 unused Assets to reduce memory usage. Loaded Objects now: 2331.
Total: 2.917600 ms (FindLiveObjects: 0.375200 ms CreateObjectMapping: 0.087300 ms MarkObjects: 2.296800 ms  DeleteObjects: 0.156800 ms)

========================================================================
Received Prepare
Registering precompiled user dll's ...
Registered in 0.002139 seconds.
Begin MonoManager ReloadAssembly
Native extension for WindowsStandalone target not found
Native extension for WebGL target not found
Refreshing native plugins compatible for Editor in 0.67 ms, found 1 plugins.
Preloading 0 native plugins for Editor in 0.00 ms.
Invoked RoslynAnalysisRunner static constructor.
RoslynAnalysisRunner will not be running.
RoslynAnalysisRunner has terminated.
Mono: successfully reloaded assembly
- Completed reload, in  1.565 seconds
Platform modules already initialized, skipping
Refreshing native plugins compatible for Editor in 0.64 ms, found 1 plugins.
Preloading 0 native plugins for Editor in 0.00 ms.
Unloading 1804 Unused Serialized files (Serialized files now loaded: 0)
System memory in use before: 105.0 MB.
System memory in use after: 105.0 MB.

Unloading 9 unused Assets to reduce memory usage. Loaded Objects now: 2334.
Total: 3.217500 ms (FindLiveObjects: 0.514000 ms CreateObjectMapping: 0.195600 ms MarkObjects: 2.321000 ms  DeleteObjects: 0.185600 ms)

========================================================================
Received Prepare
Refreshing native plugins compatible for Editor in 3.64 ms, found 1 plugins.
Preloading 0 native plugins for Editor in 0.00 ms.
Unloading 7 Unused Serialized files (Serialized files now loaded: 0)
System memory in use before: 69.5 MB.
System memory in use after: 69.5 MB.

Unloading 7 unused Assets to reduce memory usage. Loaded Objects now: 2334.
Total: 3.199900 ms (FindLiveObjects: 0.495100 ms CreateObjectMapping: 0.186600 ms MarkObjects: 2.359100 ms  DeleteObjects: 0.157800 ms)

========================================================================
Received Prepare
Registering precompiled user dll's ...
Registered in 0.001617 seconds.
Begin MonoManager ReloadAssembly
Native extension for WindowsStandalone target not found
Native extension for WebGL target not found
Refreshing native plugins compatible for Editor in 0.67 ms, found 1 plugins.
Preloading 0 native plugins for Editor in 0.00 ms.
Invoked RoslynAnalysisRunner static constructor.
RoslynAnalysisRunner will not be running.
RoslynAnalysisRunner has terminated.
Mono: successfully reloaded assembly
- Completed reload, in  1.689 seconds
Platform modules already initialized, skipping
Refreshing native plugins compatible for Editor in 0.66 ms, found 1 plugins.
Preloading 0 native plugins for Editor in 0.00 ms.
Unloading 1804 Unused Serialized files (Serialized files now loaded: 0)
System memory in use before: 105.0 MB.
System memory in use after: 105.1 MB.

Unloading 9 unused Assets to reduce memory usage. Loaded Objects now: 2337.
Total: 4.267700 ms (FindLiveObjects: 0.769600 ms CreateObjectMapping: 0.255300 ms MarkObjects: 3.043600 ms  DeleteObjects: 0.197100 ms)

========================================================================
Received Prepare
Refreshing native plugins compatible for Editor in 4.95 ms, found 1 plugins.
Preloading 0 native plugins for Editor in 0.00 ms.
Unloading 7 Unused Serialized files (Serialized files now loaded: 0)
System memory in use before: 69.5 MB.
System memory in use after: 69.5 MB.

Unloading 7 unused Assets to reduce memory usage. Loaded Objects now: 2337.
Total: 2.827800 ms (FindLiveObjects: 0.361500 ms CreateObjectMapping: 0.092000 ms MarkObjects: 2.200700 ms  DeleteObjects: 0.172500 ms)

========================================================================
Received Prepare
Registering precompiled user dll's ...
Registered in 0.001832 seconds.
Begin MonoManager ReloadAssembly
Native extension for WindowsStandalone target not found
Native extension for WebGL target not found
Refreshing native plugins compatible for Editor in 1.03 ms, found 1 plugins.
Preloading 0 native plugins for Editor in 0.00 ms.
Invoked RoslynAnalysisRunner static constructor.
RoslynAnalysisRunner will not be running.
RoslynAnalysisRunner has terminated.
Mono: successfully reloaded assembly
- Completed reload, in  4.031 seconds
Platform modules already initialized, skipping
Refreshing native plugins compatible for Editor in 1.08 ms, found 1 plugins.
Preloading 0 native plugins for Editor in 0.00 ms.
Unloading 1804 Unused Serialized files (Serialized files now loaded: 0)
System memory in use before: 105.0 MB.
System memory in use after: 105.1 MB.

Unloading 9 unused Assets to reduce memory usage. Loaded Objects now: 2340.
Total: 3.747900 ms (FindLiveObjects: 0.437000 ms CreateObjectMapping: 0.143300 ms MarkObjects: 2.880700 ms  DeleteObjects: 0.284800 ms)

========================================================================
Received Prepare
Registering precompiled user dll's ...
Registered in 0.001749 seconds.
Begin MonoManager ReloadAssembly
Native extension for WindowsStandalone target not found
Native extension for WebGL target not found
Refreshing native plugins compatible for Editor in 0.86 ms, found 1 plugins.
Preloading 0 native plugins for Editor in 0.00 ms.
Invoked RoslynAnalysisRunner static constructor.
RoslynAnalysisRunner will not be running.
RoslynAnalysisRunner has terminated.
Mono: successfully reloaded assembly
- Completed reload, in  1.476 seconds
Platform modules already initialized, skipping
Refreshing native plugins compatible for Editor in 0.67 ms, found 1 plugins.
Preloading 0 native plugins for Editor in 0.00 ms.
Unloading 1804 Unused Serialized files (Serialized files now loaded: 0)
System memory in use before: 105.0 MB.
System memory in use after: 105.1 MB.

Unloading 9 unused Assets to reduce memory usage. Loaded Objects now: 2343.
Total: 2.729100 ms (FindLiveObjects: 0.330600 ms CreateObjectMapping: 0.087600 ms MarkObjects: 2.176700 ms  DeleteObjects: 0.132800 ms)

========================================================================
Received Prepare
Refreshing native plugins compatible for Editor in 2.37 ms, found 1 plugins.
Preloading 0 native plugins for Editor in 0.00 ms.
Unloading 7 Unused Serialized files (Serialized files now loaded: 0)
System memory in use before: 69.5 MB.
System memory in use after: 69.6 MB.

Unloading 7 unused Assets to reduce memory usage. Loaded Objects now: 2343.
Total: 3.326800 ms (FindLiveObjects: 0.382600 ms CreateObjectMapping: 0.098700 ms MarkObjects: 2.707000 ms  DeleteObjects: 0.137300 ms)

========================================================================
Received Prepare
Registering precompiled user dll's ...
Registered in 0.002743 seconds.
Begin MonoManager ReloadAssembly
Native extension for WindowsStandalone target not found
Native extension for WebGL target not found
Refreshing native plugins compatible for Editor in 0.65 ms, found 1 plugins.
Preloading 0 native plugins for Editor in 0.00 ms.
Invoked RoslynAnalysisRunner static constructor.
RoslynAnalysisRunner will not be running.
RoslynAnalysisRunner has terminated.
Mono: successfully reloaded assembly
- Completed reload, in  1.344 seconds
Platform modules already initialized, skipping
Refreshing native plugins compatible for Editor in 0.62 ms, found 1 plugins.
Preloading 0 native plugins for Editor in 0.00 ms.
Unloading 1804 Unused Serialized files (Serialized files now loaded: 0)
System memory in use before: 105.0 MB.
System memory in use after: 105.1 MB.

Unloading 9 unused Assets to reduce memory usage. Loaded Objects now: 2346.
Total: 3.057800 ms (FindLiveObjects: 0.405600 ms CreateObjectMapping: 0.153900 ms MarkObjects: 2.358700 ms  DeleteObjects: 0.138300 ms)

========================================================================
Received Prepare
Refreshing native plugins compatible for Editor in 2.51 ms, found 1 plugins.
Preloading 0 native plugins for Editor in 0.00 ms.
Unloading 7 Unused Serialized files (Serialized files now loaded: 0)
System memory in use before: 69.5 MB.
System memory in use after: 69.6 MB.

Unloading 7 unused Assets to reduce memory usage. Loaded Objects now: 2346.
Total: 2.676100 ms (FindLiveObjects: 0.371200 ms CreateObjectMapping: 0.092300 ms MarkObjects: 2.080300 ms  DeleteObjects: 0.131000 ms)

========================================================================
Received Prepare
Registering precompiled user dll's ...
Registered in 0.001512 seconds.
Begin MonoManager ReloadAssembly
Native extension for WindowsStandalone target not found
Native extension for WebGL target not found
Refreshing native plugins compatible for Editor in 0.72 ms, found 1 plugins.
Preloading 0 native plugins for Editor in 0.00 ms.
Invoked RoslynAnalysisRunner static constructor.
RoslynAnalysisRunner will not be running.
RoslynAnalysisRunner has terminated.
Mono: successfully reloaded assembly
- Completed reload, in  1.321 seconds
Platform modules already initialized, skipping
Refreshing native plugins compatible for Editor in 0.72 ms, found 1 plugins.
Preloading 0 native plugins for Editor in 0.00 ms.
Unloading 1804 Unused Serialized files (Serialized files now loaded: 0)
System memory in use before: 105.0 MB.
System memory in use after: 105.1 MB.

Unloading 9 unused Assets to reduce memory usage. Loaded Objects now: 2349.
Total: 4.538900 ms (FindLiveObjects: 0.804400 ms CreateObjectMapping: 0.216300 ms MarkObjects: 3.339900 ms  DeleteObjects: 0.176400 ms)

========================================================================
Received Prepare
Refreshing native plugins compatible for Editor in 2.97 ms, found 1 plugins.
Preloading 0 native plugins for Editor in 0.00 ms.
Unloading 7 Unused Serialized files (Serialized files now loaded: 0)
System memory in use before: 69.5 MB.
System memory in use after: 69.6 MB.

Unloading 7 unused Assets to reduce memory usage. Loaded Objects now: 2349.
Total: 2.927300 ms (FindLiveObjects: 0.348700 ms CreateObjectMapping: 0.088400 ms MarkObjects: 2.360400 ms  DeleteObjects: 0.128300 ms)

========================================================================
Received Prepare
Registering precompiled user dll's ...
Registered in 0.001778 seconds.
Begin MonoManager ReloadAssembly
Native extension for WindowsStandalone target not found
Native extension for WebGL target not found
Refreshing native plugins compatible for Editor in 0.80 ms, found 1 plugins.
Preloading 0 native plugins for Editor in 0.00 ms.
Invoked RoslynAnalysisRunner static constructor.
RoslynAnalysisRunner will not be running.
RoslynAnalysisRunner has terminated.
Mono: successfully reloaded assembly
- Completed reload, in  1.315 seconds
Platform modules already initialized, skipping
Refreshing native plugins compatible for Editor in 0.68 ms, found 1 plugins.
Preloading 0 native plugins for Editor in 0.00 ms.
Unloading 1804 Unused Serialized files (Serialized files now loaded: 0)
System memory in use before: 105.0 MB.
System memory in use after: 105.1 MB.

Unloading 9 unused Assets to reduce memory usage. Loaded Objects now: 2352.
Total: 2.973800 ms (FindLiveObjects: 0.365600 ms CreateObjectMapping: 0.100800 ms MarkObjects: 2.366500 ms  DeleteObjects: 0.139300 ms)

========================================================================
Received Prepare
Refreshing native plugins compatible for Editor in 2.58 ms, found 1 plugins.
Preloading 0 native plugins for Editor in 0.00 ms.
Unloading 7 Unused Serialized files (Serialized files now loaded: 0)
System memory in use before: 69.5 MB.
System memory in use after: 69.6 MB.

Unloading 7 unused Assets to reduce memory usage. Loaded Objects now: 2352.
Total: 2.881400 ms (FindLiveObjects: 0.405900 ms CreateObjectMapping: 0.109300 ms MarkObjects: 2.184900 ms  DeleteObjects: 0.179900 ms)

========================================================================
Received Prepare
Registering precompiled user dll's ...
Registered in 0.001546 seconds.
Begin MonoManager ReloadAssembly
Native extension for WindowsStandalone target not found
Native extension for WebGL target not found
Refreshing native plugins compatible for Editor in 0.65 ms, found 1 plugins.
Preloading 0 native plugins for Editor in 0.00 ms.
Invoked RoslynAnalysisRunner static constructor.
RoslynAnalysisRunner will not be running.
RoslynAnalysisRunner has terminated.
Mono: successfully reloaded assembly
- Completed reload, in  1.314 seconds
Platform modules already initialized, skipping
Refreshing native plugins compatible for Editor in 0.64 ms, found 1 plugins.
Preloading 0 native plugins for Editor in 0.00 ms.
Unloading 1804 Unused Serialized files (Serialized files now loaded: 0)
System memory in use before: 105.0 MB.
System memory in use after: 105.1 MB.

Unloading 9 unused Assets to reduce memory usage. Loaded Objects now: 2355.
Total: 3.166200 ms (FindLiveObjects: 0.350600 ms CreateObjectMapping: 0.244600 ms MarkObjects: 2.399200 ms  DeleteObjects: 0.169900 ms)

========================================================================
Received Prepare
Refreshing native plugins compatible for Editor in 2.29 ms, found 1 plugins.
Preloading 0 native plugins for Editor in 0.00 ms.
Unloading 7 Unused Serialized files (Serialized files now loaded: 0)
System memory in use before: 69.5 MB.
System memory in use after: 69.6 MB.

Unloading 7 unused Assets to reduce memory usage. Loaded Objects now: 2355.
Total: 2.680000 ms (FindLiveObjects: 0.337200 ms CreateObjectMapping: 0.087500 ms MarkObjects: 2.119900 ms  DeleteObjects: 0.133800 ms)

========================================================================
Received Prepare
Registering precompiled user dll's ...
Registered in 0.002011 seconds.
Begin MonoManager ReloadAssembly
Native extension for WindowsStandalone target not found
Native extension for WebGL target not found
Refreshing native plugins compatible for Editor in 0.69 ms, found 1 plugins.
Preloading 0 native plugins for Editor in 0.00 ms.
Invoked RoslynAnalysisRunner static constructor.
RoslynAnalysisRunner will not be running.
RoslynAnalysisRunner has terminated.
Mono: successfully reloaded assembly
- Completed reload, in  1.314 seconds
Platform modules already initialized, skipping
Refreshing native plugins compatible for Editor in 0.63 ms, found 1 plugins.
Preloading 0 native plugins for Editor in 0.00 ms.
Unloading 1804 Unused Serialized files (Serialized files now loaded: 0)
System memory in use before: 105.0 MB.
System memory in use after: 105.1 MB.

Unloading 9 unused Assets to reduce memory usage. Loaded Objects now: 2358.
Total: 2.764200 ms (FindLiveObjects: 0.376500 ms CreateObjectMapping: 0.089000 ms MarkObjects: 2.150200 ms  DeleteObjects: 0.146600 ms)

========================================================================
Received Prepare
Refreshing native plugins compatible for Editor in 2.40 ms, found 1 plugins.
Preloading 0 native plugins for Editor in 0.00 ms.
Unloading 7 Unused Serialized files (Serialized files now loaded: 0)
System memory in use before: 69.5 MB.
System memory in use after: 69.6 MB.

Unloading 7 unused Assets to reduce memory usage. Loaded Objects now: 2358.
Total: 2.815200 ms (FindLiveObjects: 0.329500 ms CreateObjectMapping: 0.088400 ms MarkObjects: 2.266000 ms  DeleteObjects: 0.129700 ms)

========================================================================
Received Prepare
Registering precompiled user dll's ...
Registered in 0.001532 seconds.
Begin MonoManager ReloadAssembly
Native extension for WindowsStandalone target not found
Native extension for WebGL target not found
Refreshing native plugins compatible for Editor in 0.66 ms, found 1 plugins.
Preloading 0 native plugins for Editor in 0.00 ms.
Invoked RoslynAnalysisRunner static constructor.
RoslynAnalysisRunner will not be running.
RoslynAnalysisRunner has terminated.
Mono: successfully reloaded assembly
- Completed reload, in  1.937 seconds
Platform modules already initialized, skipping
Refreshing native plugins compatible for Editor in 0.91 ms, found 1 plugins.
Preloading 0 native plugins for Editor in 0.00 ms.
Unloading 1804 Unused Serialized files (Serialized files now loaded: 0)
System memory in use before: 105.1 MB.
System memory in use after: 105.1 MB.

Unloading 9 unused Assets to reduce memory usage. Loaded Objects now: 2361.
Total: 3.284900 ms (FindLiveObjects: 0.379800 ms CreateObjectMapping: 0.098600 ms MarkObjects: 2.643000 ms  DeleteObjects: 0.162000 ms)

========================================================================
Received Prepare
Registering precompiled user dll's ...
Registered in 0.002403 seconds.
Begin MonoManager ReloadAssembly
Native extension for WindowsStandalone target not found
Native extension for WebGL target not found
Refreshing native plugins compatible for Editor in 0.64 ms, found 1 plugins.
Preloading 0 native plugins for Editor in 0.00 ms.
Invoked RoslynAnalysisRunner static constructor.
RoslynAnalysisRunner will not be running.
RoslynAnalysisRunner has terminated.
Mono: successfully reloaded assembly
- Completed reload, in  1.410 seconds
Platform modules already initialized, skipping
Refreshing native plugins compatible for Editor in 0.67 ms, found 1 plugins.
Preloading 0 native plugins for Editor in 0.00 ms.
Unloading 1804 Unused Serialized files (Serialized files now loaded: 0)
System memory in use before: 105.1 MB.
System memory in use after: 105.1 MB.

Unloading 9 unused Assets to reduce memory usage. Loaded Objects now: 2364.
Total: 3.035800 ms (FindLiveObjects: 0.470100 ms CreateObjectMapping: 0.156600 ms MarkObjects: 2.264400 ms  DeleteObjects: 0.143500 ms)

========================================================================
Received Prepare
Refreshing native plugins compatible for Editor in 2.36 ms, found 1 plugins.
Preloading 0 native plugins for Editor in 0.00 ms.
Unloading 7 Unused Serialized files (Serialized files now loaded: 0)
System memory in use before: 69.5 MB.
System memory in use after: 69.6 MB.

Unloading 7 unused Assets to reduce memory usage. Loaded Objects now: 2364.
Total: 2.721100 ms (FindLiveObjects: 0.332700 ms CreateObjectMapping: 0.087400 ms MarkObjects: 2.152400 ms  DeleteObjects: 0.147100 ms)

========================================================================
Received Prepare
Registering precompiled user dll's ...
Registered in 0.054157 seconds.
Begin MonoManager ReloadAssembly
Native extension for WindowsStandalone target not found
Native extension for WebGL target not found
Refreshing native plugins compatible for Editor in 1.24 ms, found 1 plugins.
Preloading 0 native plugins for Editor in 0.00 ms.
Invoked RoslynAnalysisRunner static constructor.
RoslynAnalysisRunner will not be running.
RoslynAnalysisRunner has terminated.
Mono: successfully reloaded assembly
- Completed reload, in 12.535 seconds
Platform modules already initialized, skipping
Refreshing native plugins compatible for Editor in 0.65 ms, found 1 plugins.
Preloading 0 native plugins for Editor in 0.00 ms.
Unloading 1804 Unused Serialized files (Serialized files now loaded: 0)
System memory in use before: 105.1 MB.
System memory in use after: 105.1 MB.

Unloading 9 unused Assets to reduce memory usage. Loaded Objects now: 2367.
Total: 4.429800 ms (FindLiveObjects: 0.390800 ms CreateObjectMapping: 0.128900 ms MarkObjects: 3.765100 ms  DeleteObjects: 0.143300 ms)

========================================================================
Received Prepare
Registering precompiled user dll's ...
Registered in 0.004916 seconds.
Begin MonoManager ReloadAssembly
Native extension for WindowsStandalone target not found
Native extension for WebGL target not found
Refreshing native plugins compatible for Editor in 0.70 ms, found 1 plugins.
Preloading 0 native plugins for Editor in 0.00 ms.
Invoked RoslynAnalysisRunner static constructor.
RoslynAnalysisRunner will not be running.
RoslynAnalysisRunner has terminated.
Mono: successfully reloaded assembly
- Completed reload, in  1.995 seconds
Platform modules already initialized, skipping
Refreshing native plugins compatible for Editor in 0.74 ms, found 1 plugins.
Preloading 0 native plugins for Editor in 0.00 ms.
Unloading 1804 Unused Serialized files (Serialized files now loaded: 0)
System memory in use before: 105.1 MB.
System memory in use after: 105.1 MB.

Unloading 9 unused Assets to reduce memory usage. Loaded Objects now: 2370.
Total: 12.237200 ms (FindLiveObjects: 0.655200 ms CreateObjectMapping: 0.143200 ms MarkObjects: 11.032700 ms  DeleteObjects: 0.402800 ms)

========================================================================
Received Prepare
Refreshing native plugins compatible for Editor in 3.10 ms, found 1 plugins.
Preloading 0 native plugins for Editor in 0.00 ms.
Unloading 7 Unused Serialized files (Serialized files now loaded: 0)
System memory in use before: 69.6 MB.
System memory in use after: 69.6 MB.

Unloading 7 unused Assets to reduce memory usage. Loaded Objects now: 2370.
Total: 3.099500 ms (FindLiveObjects: 0.338100 ms CreateObjectMapping: 0.085800 ms MarkObjects: 2.513800 ms  DeleteObjects: 0.160500 ms)

========================================================================
Received Prepare
Registering precompiled user dll's ...
Registered in 0.019501 seconds.
Begin MonoManager ReloadAssembly
Native extension for WindowsStandalone target not found
Native extension for WebGL target not found
Refreshing native plugins compatible for Editor in 0.65 ms, found 1 plugins.
Preloading 0 native plugins for Editor in 0.00 ms.
Invoked RoslynAnalysisRunner static constructor.
RoslynAnalysisRunner will not be running.
RoslynAnalysisRunner has terminated.
Mono: successfully reloaded assembly
- Completed reload, in  3.368 seconds
Platform modules already initialized, skipping
Refreshing native plugins compatible for Editor in 0.69 ms, found 1 plugins.
Preloading 0 native plugins for Editor in 0.00 ms.
Unloading 1804 Unused Serialized files (Serialized files now loaded: 0)
System memory in use before: 105.1 MB.
System memory in use after: 105.2 MB.

Unloading 9 unused Assets to reduce memory usage. Loaded Objects now: 2373.
Total: 2.859300 ms (FindLiveObjects: 0.404500 ms CreateObjectMapping: 0.110000 ms MarkObjects: 2.203000 ms  DeleteObjects: 0.139700 ms)

========================================================================
Received Prepare
Registering precompiled user dll's ...
Registered in 0.001706 seconds.
Begin MonoManager ReloadAssembly
Native extension for WindowsStandalone target not found
Native extension for WebGL target not found
Refreshing native plugins compatible for Editor in 0.72 ms, found 1 plugins.
Preloading 0 native plugins for Editor in 0.00 ms.
Invoked RoslynAnalysisRunner static constructor.
RoslynAnalysisRunner will not be running.
RoslynAnalysisRunner has terminated.
Mono: successfully reloaded assembly
- Completed reload, in  1.433 seconds
Platform modules already initialized, skipping
Refreshing native plugins compatible for Editor in 0.72 ms, found 1 plugins.
Preloading 0 native plugins for Editor in 0.00 ms.
Unloading 1804 Unused Serialized files (Serialized files now loaded: 0)
System memory in use before: 105.1 MB.
System memory in use after: 105.2 MB.

Unloading 9 unused Assets to reduce memory usage. Loaded Objects now: 2376.
Total: 3.328800 ms (FindLiveObjects: 0.315200 ms CreateObjectMapping: 0.092300 ms MarkObjects: 2.783100 ms  DeleteObjects: 0.136800 ms)

